2024-01-29T15:07:39.064 - A
2024-01-29T15:07:39.116 - S
2024-01-29T15:07:39.140 - D
2024-01-29T15:07:39.214 - F
2024-01-29T15:07:39.380 - A
2024-01-29T15:07:39.412 - S
2024-01-29T15:07:39.468 - D
2024-01-29T15:07:39.517 - F
2024-01-29T15:07:39.652 - A
2024-01-29T15:07:39.669 - S
2024-01-29T15:07:39.700 - D
2024-01-29T15:07:39.948 - G
2024-01-29T15:07:40.116 - A
2024-01-29T15:07:40.140 - S
2024-01-29T15:07:40.284 - G
2024-01-29T15:07:40.580 - A
2024-01-29T15:07:40.620 - S
2024-01-29T15:07:40.684 - D
2024-01-29T15:07:40.732 - F
2024-01-29T15:07:40.956 - S
2024-01-29T15:07:40.964 - A
2024-01-29T15:07:41.029 - D
2024-01-29T15:07:41.068 - F
2024-01-29T15:07:41.324 - A
2024-01-29T15:07:41.340 - S
2024-01-29T15:07:41.436 - D
2024-01-29T15:07:41.500 - F
2024-01-29T15:07:41.837 - S
2024-01-29T15:07:41.837 - F
2024-01-29T15:07:42.181 - S
2024-01-29T15:07:42.181 - A
2024-01-29T15:07:42.188 - D
2024-01-29T15:07:42.188 - F
2024-01-29T15:07:42.644 - F
2024-01-29T15:07:42.653 - S
2024-01-29T15:07:42.653 - D
2024-01-29T15:07:43.004 - S
2024-01-29T15:07:43.004 - D
2024-01-29T15:07:43.012 - F
